<?xml version="1.0" encoding="UTF-8"?>
<!-- Generated by org.testng.reporters.JUnitReportReporter -->
<testsuite hostname="DESKTOP-9PLK69A" failures="0" tests="2" name="org.Appium_POM.TA_16_C_POM_GeneralStore_After_Data_Sets_Data_provider_Anotation" time="93.076" errors="0" timestamp="2024-03-03T19:03:44 EST" skipped="0">
  <testcase classname="org.Appium_POM.TA_16_C_POM_GeneralStore_After_Data_Sets_Data_provider_Anotation" name="GeneralStore" time="52.796"/>
  <testcase classname="org.Appium_POM.TA_16_C_POM_GeneralStore_After_Data_Sets_Data_provider_Anotation" name="GeneralStore" time="40.280"/>
</testsuite> <!-- org.Appium_POM.TA_16_C_POM_GeneralStore_After_Data_Sets_Data_provider_Anotation -->
