<?xml version="1.0" encoding="UTF-8"?>
<!-- Generated by org.testng.reporters.JUnitReportReporter -->
<testsuite hostname="DESKTOP-9PLK69A" failures="0" tests="2" name="org.Appium_POM.TA_16_b_POM_GeneralStore_Two_times_before_method_implemented" time="81.132" errors="0" timestamp="2024-03-05T20:00:11 EST" skipped="0">
  <testcase classname="org.Appium_POM.TA_16_b_POM_GeneralStore_Two_times_before_method_implemented" name="GeneralStore_Second_run" time="39.889"/>
  <testcase classname="org.Appium_POM.TA_16_b_POM_GeneralStore_Two_times_before_method_implemented" name="GeneralStore_First_run" time="41.243"/>
</testsuite> <!-- org.Appium_POM.TA_16_b_POM_GeneralStore_Two_times_before_method_implemented -->
