<?xml version="1.0" encoding="UTF-8"?>
<!-- Generated by org.testng.reporters.JUnitReportReporter -->
<testsuite hostname="DESKTOP-9PLK69A" failures="0" tests="2" name="org.Appium_POM.TA_16_D_POM_GeneralStore_After_Json_Data_Sets_Data_provider_Anotation" time="82.084" errors="0" timestamp="2024-03-03T22:40:07 EST" skipped="0">
  <testcase classname="org.Appium_POM.TA_16_D_POM_GeneralStore_After_Json_Data_Sets_Data_provider_Anotation" name="GeneralStore" time="41.557"/>
  <testcase classname="org.Appium_POM.TA_16_D_POM_GeneralStore_After_Json_Data_Sets_Data_provider_Anotation" name="GeneralStore" time="40.527"/>
</testsuite> <!-- org.Appium_POM.TA_16_D_POM_GeneralStore_After_Json_Data_Sets_Data_provider_Anotation -->
