<?xml version="1.0" encoding="UTF-8"?>
<!-- Generated by org.testng.reporters.JUnitReportReporter -->
<testsuite hostname="DESKTOP-9PLK69A" failures="0" tests="1" name="org.Appium_POM.TA_20_theScore_assignment" time="21.373" errors="0" timestamp="2024-04-13T19:05:26 EDT" skipped="0">
  <testcase classname="org.Appium_POM.TA_20_theScore_assignment" name="GeneralStore" time="21.373"/>
</testsuite> <!-- org.Appium_POM.TA_20_theScore_assignment -->
