<?xml version="1.0" encoding="UTF-8"?>
<!-- Generated by org.testng.reporters.JUnitReportReporter -->
<testsuite hostname="DESKTOP-9PLK69A" failures="0" tests="1" name="org.Appium_POM.TA_16_POM_GeneralStore_After_Purchase_Chrome_mobile_search_go_Back" time="48.749" errors="0" timestamp="2024-03-02T23:36:59 EST" skipped="0">
  <testcase classname="org.Appium_POM.TA_16_POM_GeneralStore_After_Purchase_Chrome_mobile_search_go_Back" name="GeneralStore" time="48.749"/>
</testsuite> <!-- org.Appium_POM.TA_16_POM_GeneralStore_After_Purchase_Chrome_mobile_search_go_Back -->
